<?xml version="1.0" encoding="UTF-8"?>
<testsuite name="BinaryChopTest" tests="3" skipped="0" failures="0" errors="0" timestamp="2023-10-22T12:01:23" hostname="Winuts-MacBook-Pro.local" time="0.057">
  <properties/>
  <testcase name="testNumberFoundAtAnyIndex()" classname="BinaryChopTest" time="0.043"/>
  <testcase name="testChop()" classname="BinaryChopTest" time="0.004"/>
  <testcase name="testIntNotFoundInArray()" classname="BinaryChopTest" time="0.002"/>
  <system-out><![CDATA[]]></system-out>
  <system-err><![CDATA[]]></system-err>
</testsuite>
