<?xml version="1.0" encoding="UTF-8"?>
<testsuite name="BinaryChopTest" tests="2" skipped="0" failures="0" errors="0" timestamp="2023-10-22T11:31:49" hostname="Winuts-MacBook-Pro.local" time="0.05">
  <properties/>
  <testcase name="testNumberFoundAtAnyIndex()" classname="BinaryChopTest" time="0.04"/>
  <testcase name="testIntNotFoundInArray()" classname="BinaryChopTest" time="0.004"/>
  <system-out><![CDATA[]]></system-out>
  <system-err><![CDATA[]]></system-err>
</testsuite>
