<?xml version="1.0" encoding="UTF-8"?>
<testsuite name="BinaryChopTest" tests="1" skipped="0" failures="0" errors="0" timestamp="2023-10-22T11:10:28" hostname="Winuts-MacBook-Pro.local" time="0.023">
  <properties/>
  <testcase name="testIntNotFoundInArray()" classname="BinaryChopTest" time="0.023"/>
  <system-out><![CDATA[]]></system-out>
  <system-err><![CDATA[]]></system-err>
</testsuite>
